
> blogspy-saas@1.0.0 build
> npx prisma generate && next build

Environment variables loaded from .env
Prisma schema loaded from prisma\schema.prisma

✔ Generated Prisma Client (v6.19.1) to .\node_modules\@prisma\client in 162ms

Start by importing your Prisma Client (See: https://pris.ly/d/importing-client)

Tip: Need your database queries to be 1000x faster? Accelerate offers you that and more: https://pris.ly/tip-2-accelerate

▲ Next.js 16.1.1 (Turbopack)
- Environments: .env.local, .env
- Experiments (use with caution):
  · optimizePackageImports
  · serverActions
  ✓ taint

  Creating an optimized production build ...
✓ Compiled successfully in 40s
  Running TypeScript ...
  Collecting page data using 11 workers ...
  Generating static pages using 11 workers (0/60) ...
  Generating static pages using 11 workers (15/60) 
  Generating static pages using 11 workers (30/60) 
  Generating static pages using 11 workers (45/60) 
✓ Generating static pages using 11 workers (60/60) in 4.6s
  Finalizing page optimization ...

Route (app)
┌ ○ /
├ ○ /_not-found
├ ○ /about
├ ○ /ai-writer
├ ƒ /api/trend-spotter/analyze
├ ƒ /api/trend-spotter/region
├ ƒ /auth/callback
├ ○ /blog
├ ○ /competitor-gap
├ ○ /contact
├ ○ /content-decay
├ ○ /content-roadmap
├ ○ /dashboard
├ ○ /dashboard/ai-visibility
├ ○ /dashboard/billing
├ ○ /dashboard/creation/ai-writer
├ ○ /dashboard/creation/on-page
├ ○ /dashboard/creation/schema-generator
├ ○ /dashboard/creation/snippet-stealer
├ ○ /dashboard/monetization/content-roi
├ ○ /dashboard/monetization/earnings-calculator
├ ○ /dashboard/research/affiliate-finder
├ ○ /dashboard/research/citation-checker
├ ○ /dashboard/research/content-calendar
├ ○ /dashboard/research/gap-analysis
├ ○ /dashboard/research/keyword-magic
├ ƒ /dashboard/research/overview/[keyword]
├ ○ /dashboard/research/trends
├ ○ /dashboard/research/video-hijack
├ ○ /dashboard/settings
├ ○ /dashboard/strategy/roadmap
├ ○ /dashboard/strategy/topic-clusters
├ ○ /dashboard/strategy/topic-clusters/results
├ ○ /dashboard/tracking/ai-visibility
├ ○ /dashboard/tracking/cannibalization
├ ○ /dashboard/tracking/commerce-tracker
├ ○ /dashboard/tracking/community-tracker
├ ○ /dashboard/tracking/decay
├ ○ /dashboard/tracking/news-tracker
├ ○ /dashboard/tracking/rank-tracker
├ ○ /dashboard/tracking/social-tracker
├ ○ /features
├ ○ /forgot-password
├ ○ /keyword-magic
├ ○ /keyword-overview
├ ○ /login
├ ○ /on-page-checker
├ ○ /pricing
├ ○ /privacy
├ ○ /rank-tracker
├ ○ /register
├ ○ /settings
├ ○ /sitemap.xml
├ ○ /snippet-stealer
├ ○ /terms
├ ○ /topic-clusters
├ ○ /trend-spotter
├ ○ /trends
└ ○ /verify-email


ƒ Proxy (Middleware)

○  (Static)   prerendered as static content
ƒ  (Dynamic)  server-rendered on demand

